module.mysql_stateful_app.kubernetes_config_map_v1.config_map: Creating...
module.mysql_stateful_app.kubernetes_config_map_v1.container_init_config_map: Creating...
module.mysql_stateful_app.kubernetes_storage_class_v1.ebs_gp3_storage_class: Creating...
module.mysql_stateful_app.kubernetes_secret_v1.mysql_secret: Creating...
module.mysql_stateful_app.kubernetes_service_v1.mysql_headless_service: Creating...
module.mysql_stateful_app.kubernetes_config_map_v1.flask_webapp_config: Creating...
module.mysql_stateful_app.kubernetes_secret_v1.flask_webapp_secret: Creating...
module.mysql_stateful_app.kubernetes_service_v1.mysql: Creating...
module.mysql_stateful_app.kubernetes_config_map_v1.mysql: Creating...
module.eks_ebs_csi_addon.aws_iam_policy.eks_ebs_csi_iam_policy: Creating...
module.mysql_stateful_app.kubernetes_service_v1.mysql: Creation complete after 1s [id=default/mysql]
module.mysql_stateful_app.kubernetes_config_map_v1.mysql: Creation complete after 1s [id=default/mysql]
module.mysql_stateful_app.kubernetes_config_map_v1.container_init_config_map: Creation complete after 1s [id=default/container-init-config-map]
module.eks_ebs_csi_addon.aws_iam_role.ebs_csi_iam_role: Creating...
module.mysql_stateful_app.kubernetes_config_map_v1.flask_webapp_config: Creation complete after 1s [id=default/flask-webapp-configmap]
module.mysql_stateful_app.kubernetes_secret_v1.mysql_secret: Creation complete after 1s [id=default/mysql-secret]
module.mysql_stateful_app.kubernetes_secret_v1.flask_webapp_secret: Creation complete after 1s [id=default/flask-webapp-secret]
module.mysql_stateful_app.kubernetes_storage_class_v1.ebs_gp3_storage_class: Creation complete after 1s [id=ebs-gp3-storage-class]
module.mysql_stateful_app.kubernetes_config_map_v1.config_map: Creation complete after 1s [id=default/user-management-db-script]
module.mysql_stateful_app.kubernetes_service_v1.mysql_headless_service: Creation complete after 1s [id=default/mysql-headless-service]
module.mysql_stateful_app.kubernetes_deployment_v1.flask_webapp: Creating...
module.mysql_stateful_app.kubernetes_stateful_set_v1.mysql: Creating...
module.eks_ebs_csi_addon.aws_iam_policy.eks_ebs_csi_iam_policy: Creation complete after 2s [id=arn:aws:iam::240993297305:policy/eks_ebs_csi_policy]
module.eks_ebs_csi_addon.aws_iam_role.ebs_csi_iam_role: Creation complete after 2s [id=eks_ebs_csi_addon-role]
module.eks_ebs_csi_addon.aws_iam_role_policy_attachment.ebs_csi_iam_role_policy_attach: Creating...
module.eks_ebs_csi_addon.aws_iam_role_policy_attachment.ebs_csi_iam_role_policy_attach: Creation complete after 1s [id=eks_ebs_csi_addon-role-20240827041533309000000001]
module.eks_ebs_csi_addon.aws_eks_addon.ebs_csi_driver_addon: Creating...
module.mysql_stateful_app.kubernetes_deployment_v1.flask_webapp: Still creating... [10s elapsed]
module.mysql_stateful_app.kubernetes_stateful_set_v1.mysql: Still creating... [10s elapsed]
module.mysql_stateful_app.kubernetes_deployment_v1.flask_webapp: Still creating... [20s elapsed]
module.mysql_stateful_app.kubernetes_stateful_set_v1.mysql: Still creating... [20s elapsed]
module.mysql_stateful_app.kubernetes_deployment_v1.flask_webapp: Still creating... [30s elapsed]
module.mysql_stateful_app.kubernetes_stateful_set_v1.mysql: Still creating... [30s elapsed]
module.mysql_stateful_app.kubernetes_deployment_v1.flask_webapp: Creation complete after 36s [id=default/flask-webapp]
module.mysql_stateful_app.kubernetes_service.flask_webapp_node_port_service: Creating...
module.mysql_stateful_app.kubernetes_service_v1.flask_webapp_alb_service: Creating...
module.mysql_stateful_app.kubernetes_service.flask_webapp_node_port_service: Creation complete after 0s [id=default/flask-webapp-node-port-service]
module.mysql_stateful_app.kubernetes_stateful_set_v1.mysql: Still creating... [40s elapsed]
module.mysql_stateful_app.kubernetes_service_v1.flask_webapp_alb_service: Creation complete after 4s [id=default/flask-webapp-alb-service]
module.mysql_stateful_app.kubernetes_stateful_set_v1.mysql: Still creating... [50s elapsed]
module.mysql_stateful_app.kubernetes_stateful_set_v1.mysql: Still creating... [1m0s elapsed]
module.mysql_stateful_app.kubernetes_stateful_set_v1.mysql: Still creating... [1m10s elapsed]
module.mysql_stateful_app.kubernetes_stateful_set_v1.mysql: Still creating... [1m20s elapsed]
module.mysql_stateful_app.kubernetes_stateful_set_v1.mysql: Still creating... [1m30s elapsed]
module.mysql_stateful_app.kubernetes_stateful_set_v1.mysql: Still creating... [1m40s elapsed]
module.mysql_stateful_app.kubernetes_stateful_set_v1.mysql: Still creating... [1m50s elapsed]
module.mysql_stateful_app.kubernetes_stateful_set_v1.mysql: Still creating... [2m0s elapsed]
module.mysql_stateful_app.kubernetes_stateful_set_v1.mysql: Still creating... [2m10s elapsed]
module.mysql_stateful_app.kubernetes_stateful_set_v1.mysql: Still creating... [2m20s elapsed]
module.mysql_stateful_app.kubernetes_stateful_set_v1.mysql: Still creating... [2m30s elapsed]
module.mysql_stateful_app.kubernetes_stateful_set_v1.mysql: Still creating... [2m40s elapsed]
module.mysql_stateful_app.kubernetes_stateful_set_v1.mysql: Still creating... [2m50s elapsed]
module.mysql_stateful_app.kubernetes_stateful_set_v1.mysql: Still creating... [3m0s elapsed]
module.mysql_stateful_app.kubernetes_stateful_set_v1.mysql: Still creating... [3m10s elapsed]
module.mysql_stateful_app.kubernetes_stateful_set_v1.mysql: Still creating... [3m20s elapsed]
module.mysql_stateful_app.kubernetes_stateful_set_v1.mysql: Still creating... [3m30s elapsed]
